000000 TEST Test Persist12C: basic persistence
Test (2C): basic persistence ...
000367 VOTE C1 start election, term is 1
000370 STAT F0 become follower
000370 VOTE F0 vote for 1
000370 STAT F2 become follower
000371 VOTE F2 vote for 1
000371 STAT C1 become leader
000419 CLNT L1 received command
000420 CMIT L1 commit success, commitIndex from 0 to 1
000494 CMIT F2 update commitIndex to 1
000494 CMIT F0 update commitIndex to 1
000987 VOTE C0 start election, term is 2
000988 VOTE C1 start election, term is 1
000988 STAT F1 become follower
000988 VOTE F1 vote for 0
000988 STAT F2 become follower
000989 VOTE F0 refuse vote for C1 because of term
000989 VOTE F2 vote for 0
000989 STAT C0 become leader
000989 VOTE F2 refuse vote for C1 because of term
001024 CLNT L0 received command
001025 CMIT L0 commit success, commitIndex from 0 to 1
0: log map[1:11]; server map[1:11]
0: log map[1:11]; server map[1:11]
0: log map[1:11]; server map[1:11]
apply error: commit index=1 server=0 12 != server=2 11
exit status 1
FAIL	MyRaft/raft	1.028s
